C:\Proyecto ORCO\orpocopo\app\release\BlobsDetection.lib
C:\Proyecto ORCO\orpocopo\app\release\BlobsDetection.exp
C:\PROYECTO ORCO\ORPOCOPO\SRCKINECTGRABBER\RELEASE\STDAFX.OBJ
C:\PROYECTO ORCO\ORPOCOPO\SRCKINECTGRABBER\RELEASE\SHOPDETECTOR.OBJ
C:\PROYECTO ORCO\ORPOCOPO\SRCKINECTGRABBER\RELEASE\ROI_INFORMATION.OBJ
C:\PROYECTO ORCO\ORPOCOPO\SRCKINECTGRABBER\RELEASE\PICKDETECTION.OBJ
C:\PROYECTO ORCO\ORPOCOPO\SRCKINECTGRABBER\RELEASE\MAIN.OBJ
C:\PROYECTO ORCO\ORPOCOPO\SRCKINECTGRABBER\RELEASE\INIWRITER.OBJ
C:\PROYECTO ORCO\ORPOCOPO\SRCKINECTGRABBER\RELEASE\INIREADER.OBJ
C:\PROYECTO ORCO\ORPOCOPO\SRCKINECTGRABBER\RELEASE\IBLOBS.OBJ
C:\PROYECTO ORCO\ORPOCOPO\SRCKINECTGRABBER\RELEASE\EXPORT.OBJ
C:\PROYECTO ORCO\ORPOCOPO\SRCKINECTGRABBER\RELEASE\DLLMAIN.OBJ
C:\PROYECTO ORCO\ORPOCOPO\SRCKINECTGRABBER\RELEASE\DBCONNECTION.OBJ
C:\PROYECTO ORCO\ORPOCOPO\SRCKINECTGRABBER\RELEASE\VC110.PDB
C:\PROYECTO ORCO\ORPOCOPO\APP\RELEASE\BLOBSDETECTION.EXE
C:\PROYECTO ORCO\ORPOCOPO\APP\RELEASE\BLOBSDETECTION.PDB
C:\PROYECTO ORCO\ORPOCOPO\SRCKINECTGRABBER\RELEASE\BLOBSDETECTION.RES
C:\Proyecto ORCO\orpocopo\srcKinectGrabber\Release\DBConnection.obj
C:\Proyecto ORCO\orpocopo\srcKinectGrabber\Release\dllmain.obj
C:\Proyecto ORCO\orpocopo\srcKinectGrabber\Release\Export.obj
C:\Proyecto ORCO\orpocopo\srcKinectGrabber\Release\iblobs.obj
C:\Proyecto ORCO\orpocopo\srcKinectGrabber\Release\IniReader.obj
C:\Proyecto ORCO\orpocopo\srcKinectGrabber\Release\IniWriter.obj
C:\Proyecto ORCO\orpocopo\srcKinectGrabber\Release\main.obj
C:\Proyecto ORCO\orpocopo\srcKinectGrabber\Release\pickDetection.obj
C:\Proyecto ORCO\orpocopo\srcKinectGrabber\Release\RoI_Information.obj
C:\Proyecto ORCO\orpocopo\srcKinectGrabber\Release\shopDetector.obj
C:\Proyecto ORCO\orpocopo\srcKinectGrabber\Release\stdafx.obj
C:\Proyecto ORCO\orpocopo\srcKinectGrabber\Release\BlobsDetection.write.1.tlog
C:\Proyecto ORCO\orpocopo\srcKinectGrabber\Release\cl.command.1.tlog
C:\Proyecto ORCO\orpocopo\srcKinectGrabber\Release\CL.read.1.tlog
C:\Proyecto ORCO\orpocopo\srcKinectGrabber\Release\CL.write.1.tlog
C:\Proyecto ORCO\orpocopo\srcKinectGrabber\Release\link-cvtres.read.1.tlog
C:\Proyecto ORCO\orpocopo\srcKinectGrabber\Release\link-cvtres.write.1.tlog
C:\Proyecto ORCO\orpocopo\srcKinectGrabber\Release\link-rc.read.1.tlog
C:\Proyecto ORCO\orpocopo\srcKinectGrabber\Release\link-rc.write.1.tlog
C:\Proyecto ORCO\orpocopo\srcKinectGrabber\Release\link.command.1.tlog
C:\Proyecto ORCO\orpocopo\srcKinectGrabber\Release\link.read.1.tlog
C:\Proyecto ORCO\orpocopo\srcKinectGrabber\Release\link.read.4.tlog
C:\Proyecto ORCO\orpocopo\srcKinectGrabber\Release\link.write.1.tlog
C:\Proyecto ORCO\orpocopo\srcKinectGrabber\Release\rc.command.1.tlog
C:\Proyecto ORCO\orpocopo\srcKinectGrabber\Release\rc.read.1.tlog
C:\Proyecto ORCO\orpocopo\srcKinectGrabber\Release\rc.write.1.tlog
C:\Proyecto ORCO\orpocopo\srcKinectGrabber\Release\BlobsDetection.res
C:\Proyecto ORCO\orpocopo\srcKinectGrabber\Release\vc110.pdb
C:\Proyecto ORCO\orpocopo\srcKinectGrabber\..\app\release\BlobsDetection.exe
