Compilación iniciada a las 29/5/2016 12:26:18 a. m..
     1>Proyecto "D:\Proyecto ORCO\orpocopo\srcKinectGrabber\Prof.vcxproj" en el nodo 2 (Rebuild destinos).
     1>C:\Program Files (x86)\MSBuild\Microsoft.Cpp\v4.0\V110\Microsoft.CppBuild.targets(346,5): warning MSB8004: Output Directory does not end with a trailing slash.  This build instance will add the slash as it is required to allow proper evaluation of the Output Directory.
     1>ClCompile:
         C:\Program Files (x86)\Microsoft Visual Studio 11.0\VC\bin\CL.exe /c /I"D:\Proyecto ORCO\boost_1_58_0" /I"C:\Program Files (x86)\MySQL\mysql-5.6.25-win32\include" /Zi /nologo /W3 /WX- /O2 /Oi /Oy- /GL /D WIN32 /D _CRT_SECURE_NO_WARNINGS /D _MBCS /Gm- /EHsc /MD /GS /Gy /fp:precise /Zc:wchar_t /Zc:forScope /Fo"Release\\" /Fd"Release\vc110.pdb" /Gd /TP /analyze- /errorReport:prompt DBConnection.cpp dllmain.cpp Export.cpp iblobs.cpp IniReader.cpp IniWriter.cpp main.cpp pickDetection.cpp RoI_Information.cpp shopDetector.cpp stdafx.cpp
         DBConnection.cpp
     1>DBConnection.cpp(56): warning C4244: 'inicializando' : conversión de 'time_t' a 'const long double'; posible pérdida de datos
         dllmain.cpp
         Export.cpp
     1>Export.cpp(12): warning C4996: 'itoa': The POSIX name for this item is deprecated. Instead, use the ISO C++ conformant name: _itoa. See online help for details.
                 C:\Program Files (x86)\Microsoft Visual Studio 11.0\VC\include\stdlib.h(909) : vea la declaración de 'itoa'
         iblobs.cpp
         IniReader.cpp
     1>IniReader.cpp(22): warning C4244: '=' : conversión de 'double' a 'float'; posible pérdida de datos
         IniWriter.cpp
         main.cpp
     1>main.cpp(570): warning C4190: 'definirNuevoArchivoDeVideo' tiene una vinculación C especificada, pero devuelve el tipo definido por el usuario 'std::basic_string<_Elem,_Traits,_Alloc>' que es incompatible con C
                 with
                 [
                     _Elem=char,
                     _Traits=std::char_traits<char>,
                     _Alloc=std::allocator<char>
                 ]
         pickDetection.cpp
     1>pickDetection.cpp(142): warning C4018: '<' : no coinciden signed/unsigned
     1>pickDetection.cpp(151): warning C4018: '<' : no coinciden signed/unsigned
         RoI_Information.cpp
         shopDetector.cpp
         stdafx.cpp
       ResourceCompile:
         C:\Program Files (x86)\Windows Kits\8.0\bin\x86\rc.exe /l"0x0409" /nologo /fo"Release\BlobsDetection.res" BlobsDetection.rc 
       Link:
         C:\Program Files (x86)\Microsoft Visual Studio 11.0\VC\bin\link.exe /ERRORREPORT:PROMPT /OUT:"..\app\release\BlobsDetection.exe" /NOLOGO /LIBPATH:"D:\Proyecto ORCO\boost_1_58_0" /LIBPATH:"C:\Program Files (x86)\MySQL\mysql-5.6.25-win32\lib" /LIBPATH:"D:\Proyecto ORCO\opencv246\build\x86\vc11\lib" kinect10.lib kernel32.lib user32.lib gdi32.lib winspool.lib comdlg32.lib advapi32.lib shell32.lib ole32.lib oleaut32.lib uuid.lib odbc32.lib odbccp32.lib opencv_core246.lib opencv_highgui246.lib opencv_video246.lib opencv_ml246.lib opencv_legacy246.lib opencv_imgproc246.lib kernel32.lib user32.lib gdi32.lib winspool.lib comdlg32.lib advapi32.lib shell32.lib ole32.lib oleaut32.lib uuid.lib odbc32.lib odbccp32.lib /MANIFEST /MANIFESTUAC:"level='asInvoker' uiAccess='false'" /manifest:embed /DEBUG /PDB:"..\app\release\BlobsDetection.pdb" /OPT:REF /OPT:ICF /LTCG /TLBID:1 /DYNAMICBASE /NXCOMPAT /IMPLIB:"..\app\release\BlobsDetection.lib" /MACHINE:X86 /SAFESEH Release\BlobsDetection.res
         Release\DBConnection.obj
         Release\dllmain.obj
         Release\Export.obj
         Release\iblobs.obj
         Release\IniReader.obj
         Release\IniWriter.obj
         Release\main.obj
         Release\pickDetection.obj
         Release\RoI_Information.obj
         Release\shopDetector.obj
         Release\stdafx.obj
         "C:\Program Files (x86)\MySQL\mysql-5.6.25-win32\lib\libmysql.lib"
         "C:\Program Files (x86)\MySQL\mysql-5.6.25-win32\lib\libmysqld.lib"
            Creando biblioteca ..\app\release\BlobsDetection.lib y objeto ..\app\release\BlobsDetection.exp
         Generando código
     1>d:\proyecto orco\orpocopo\srckinectgrabber\dbconnection.cpp(101): warning C4715: 'DBConnection::insertPickUpInformation' : no todas las rutas de acceso de control devuelven un valor
     1>d:\proyecto orco\orpocopo\srckinectgrabber\dbconnection.cpp(122): warning C4715: 'DBConnection::insertPickUpInformation' : no todas las rutas de acceso de control devuelven un valor
         Generación de código finalizada
         Prof.vcxproj -> D:\Proyecto ORCO\orpocopo\srcKinectGrabber\..\app\release\BlobsDetection.exe
     1>Compilación del proyecto terminada "D:\Proyecto ORCO\orpocopo\srcKinectGrabber\Prof.vcxproj" (Rebuild destinos).

Compilación correcta.

Tiempo transcurrido 00:00:16.47
