C:\Proyecto ORCO\Wizard_Demo\bin\Debug\BlobsDetection.lib
C:\Proyecto ORCO\Wizard_Demo\bin\Debug\BlobsDetection.exp
C:\PROYECTO ORCO\SRCKINECTGRABBER\X64\DEBUG\DLLMAIN.OBJ
C:\PROYECTO ORCO\SRCKINECTGRABBER\X64\DEBUG\EXPORT.OBJ
C:\PROYECTO ORCO\SRCKINECTGRABBER\X64\DEBUG\IBLOBS.OBJ
C:\PROYECTO ORCO\SRCKINECTGRABBER\X64\DEBUG\INIREADER.OBJ
C:\PROYECTO ORCO\SRCKINECTGRABBER\X64\DEBUG\INIWRITER.OBJ
C:\PROYECTO ORCO\SRCKINECTGRABBER\X64\DEBUG\MAIN.OBJ
C:\PROYECTO ORCO\SRCKINECTGRABBER\X64\DEBUG\PICKDETECTION.OBJ
C:\PROYECTO ORCO\SRCKINECTGRABBER\X64\DEBUG\PROPERTYFILE.OBJ
C:\PROYECTO ORCO\SRCKINECTGRABBER\X64\DEBUG\ROI_INFORMATION.OBJ
C:\PROYECTO ORCO\SRCKINECTGRABBER\X64\DEBUG\SHOPDETECTOR.OBJ
C:\PROYECTO ORCO\SRCKINECTGRABBER\X64\DEBUG\STDAFX.OBJ
C:\PROYECTO ORCO\SRCKINECTGRABBER\X64\DEBUG\VC110.PDB
C:\PROYECTO ORCO\WIZARD_DEMO\BIN\DEBUG\BLOBSDETECTION.ILK
C:\PROYECTO ORCO\WIZARD_DEMO\BIN\DEBUG\BLOBSDETECTION.DLL
C:\PROYECTO ORCO\WIZARD_DEMO\BIN\DEBUG\BLOBSDETECTION.PDB
C:\Proyecto ORCO\srcKinectGrabber\x64\Debug\dllmain.obj
C:\Proyecto ORCO\srcKinectGrabber\x64\Debug\Export.obj
C:\Proyecto ORCO\srcKinectGrabber\x64\Debug\iblobs.obj
C:\Proyecto ORCO\srcKinectGrabber\x64\Debug\IniReader.obj
C:\Proyecto ORCO\srcKinectGrabber\x64\Debug\IniWriter.obj
C:\Proyecto ORCO\srcKinectGrabber\x64\Debug\main.obj
C:\Proyecto ORCO\srcKinectGrabber\x64\Debug\pickDetection.obj
C:\Proyecto ORCO\srcKinectGrabber\x64\Debug\PropertyFile.obj
C:\Proyecto ORCO\srcKinectGrabber\x64\Debug\RoI_Information.obj
C:\Proyecto ORCO\srcKinectGrabber\x64\Debug\shopDetector.obj
C:\Proyecto ORCO\srcKinectGrabber\x64\Debug\stdafx.obj
C:\Proyecto ORCO\srcKinectGrabber\x64\Debug\BlobsDetection.write.1.tlog
C:\Proyecto ORCO\srcKinectGrabber\x64\Debug\cl.command.1.tlog
C:\Proyecto ORCO\srcKinectGrabber\x64\Debug\CL.read.1.tlog
C:\Proyecto ORCO\srcKinectGrabber\x64\Debug\CL.write.1.tlog
C:\Proyecto ORCO\srcKinectGrabber\x64\Debug\link-cvtres.read.1.tlog
C:\Proyecto ORCO\srcKinectGrabber\x64\Debug\link-cvtres.write.1.tlog
C:\Proyecto ORCO\srcKinectGrabber\x64\Debug\link-rc.read.1.tlog
C:\Proyecto ORCO\srcKinectGrabber\x64\Debug\link-rc.write.1.tlog
C:\Proyecto ORCO\srcKinectGrabber\x64\Debug\link.4156-cvtres.read.1.tlog
C:\Proyecto ORCO\srcKinectGrabber\x64\Debug\link.4156-cvtres.write.1.tlog
C:\Proyecto ORCO\srcKinectGrabber\x64\Debug\link.4156-rc.read.1.tlog
C:\Proyecto ORCO\srcKinectGrabber\x64\Debug\link.4156-rc.write.1.tlog
C:\Proyecto ORCO\srcKinectGrabber\x64\Debug\link.4156.read.1.tlog
C:\Proyecto ORCO\srcKinectGrabber\x64\Debug\link.4156.write.1.tlog
C:\Proyecto ORCO\srcKinectGrabber\x64\Debug\link.command.1.tlog
C:\Proyecto ORCO\srcKinectGrabber\x64\Debug\link.read.1.tlog
C:\Proyecto ORCO\srcKinectGrabber\x64\Debug\link.write.1.tlog
C:\Proyecto ORCO\srcKinectGrabber\x64\Debug\vc110.idb
C:\Proyecto ORCO\srcKinectGrabber\x64\Debug\vc110.pdb
C:\Proyecto ORCO\Wizard_Demo\bin\Debug\BlobsDetection.pdb
C:\Proyecto ORCO\Wizard_Demo\bin\Debug\BlobsDetection.dll
C:\Proyecto ORCO\Wizard_Demo\bin\Debug\BlobsDetection.ilk
