C:\Proyecto ORCO\app\debug\BlobsDetection.lib
C:\Proyecto ORCO\app\debug\BlobsDetection.exp
C:\PROYECTO ORCO\SRCKINECTGRABBER\DEBUG\DLLMAIN.OBJ
C:\PROYECTO ORCO\SRCKINECTGRABBER\DEBUG\EXPORT.OBJ
C:\PROYECTO ORCO\SRCKINECTGRABBER\DEBUG\IBLOBS.OBJ
C:\PROYECTO ORCO\SRCKINECTGRABBER\DEBUG\INIREADER.OBJ
C:\PROYECTO ORCO\SRCKINECTGRABBER\DEBUG\INIWRITER.OBJ
C:\PROYECTO ORCO\SRCKINECTGRABBER\DEBUG\MAIN.OBJ
C:\PROYECTO ORCO\SRCKINECTGRABBER\DEBUG\PICKDETECTION.OBJ
C:\PROYECTO ORCO\SRCKINECTGRABBER\DEBUG\ROI_INFORMATION.OBJ
C:\PROYECTO ORCO\SRCKINECTGRABBER\DEBUG\SHOPDETECTOR.OBJ
C:\PROYECTO ORCO\SRCKINECTGRABBER\DEBUG\STDAFX.OBJ
C:\PROYECTO ORCO\SRCKINECTGRABBER\DEBUG\VC110.PDB
C:\PROYECTO ORCO\SRCKINECTGRABBER\DEBUG\DBCONNECTION.OBJ
C:\PROYECTO ORCO\APP\DEBUG\BLOBSDETECTION.ILK
C:\PROYECTO ORCO\APP\DEBUG\BLOBSDETECTION.EXE
C:\PROYECTO ORCO\APP\DEBUG\BLOBSDETECTION.PDB
C:\PROYECTO ORCO\SRCKINECTGRABBER\DEBUG\BLOBSDETECTION.RES
C:\Proyecto ORCO\srcKinectGrabber\Debug\DBConnection.obj
C:\Proyecto ORCO\srcKinectGrabber\Debug\dllmain.obj
C:\Proyecto ORCO\srcKinectGrabber\Debug\Export.obj
C:\Proyecto ORCO\srcKinectGrabber\Debug\iblobs.obj
C:\Proyecto ORCO\srcKinectGrabber\Debug\IniReader.obj
C:\Proyecto ORCO\srcKinectGrabber\Debug\IniWriter.obj
C:\Proyecto ORCO\srcKinectGrabber\Debug\main.obj
C:\Proyecto ORCO\srcKinectGrabber\Debug\pickDetection.obj
C:\Proyecto ORCO\srcKinectGrabber\Debug\RoI_Information.obj
C:\Proyecto ORCO\srcKinectGrabber\Debug\shopDetector.obj
C:\Proyecto ORCO\srcKinectGrabber\Debug\stdafx.obj
C:\Proyecto ORCO\srcKinectGrabber\Debug\MySqlConnector.ilk
C:\Proyecto ORCO\srcKinectGrabber\Debug\BlobsDetection.write.1.tlog
C:\Proyecto ORCO\srcKinectGrabber\Debug\cl.command.1.tlog
C:\Proyecto ORCO\srcKinectGrabber\Debug\CL.read.1.tlog
C:\Proyecto ORCO\srcKinectGrabber\Debug\CL.write.1.tlog
C:\Proyecto ORCO\srcKinectGrabber\Debug\link-cvtres.read.1.tlog
C:\Proyecto ORCO\srcKinectGrabber\Debug\link-cvtres.write.1.tlog
C:\Proyecto ORCO\srcKinectGrabber\Debug\link-rc.read.1.tlog
C:\Proyecto ORCO\srcKinectGrabber\Debug\link-rc.write.1.tlog
C:\Proyecto ORCO\srcKinectGrabber\Debug\link.command.1.tlog
C:\Proyecto ORCO\srcKinectGrabber\Debug\link.read.1.tlog
C:\Proyecto ORCO\srcKinectGrabber\Debug\link.write.1.tlog
C:\Proyecto ORCO\srcKinectGrabber\Debug\rc.command.1.tlog
C:\Proyecto ORCO\srcKinectGrabber\Debug\rc.read.1.tlog
C:\Proyecto ORCO\srcKinectGrabber\Debug\rc.write.1.tlog
C:\Proyecto ORCO\srcKinectGrabber\Debug\BlobsDetection.res
C:\Proyecto ORCO\srcKinectGrabber\Debug\vc110.idb
C:\Proyecto ORCO\srcKinectGrabber\Debug\MySqlConnector.pdb
C:\Proyecto ORCO\srcKinectGrabber\Debug\vc110.pdb
C:\Proyecto ORCO\srcKinectGrabber\..\app\debug\BlobsDetection.exe
